2018-12-14 10:48:28 - PHP Notice:  Undefined variable: theme in C:\phpdemo\upload\catalog\view\theme\basecart\template\common\header.tpl on line 22
2018-12-14 10:48:28 - PHP Notice:  Undefined variable: theme in C:\phpdemo\upload\catalog\view\theme\basecart\template\common\header.tpl on line 24
2018-12-14 10:48:28 - PHP Notice:  Undefined variable: theme in C:\phpdemo\upload\catalog\view\theme\basecart\template\common\header.tpl on line 26
2018-12-14 10:48:28 - PHP Notice:  Undefined variable: theme in C:\phpdemo\upload\catalog\view\theme\basecart\template\common\header.tpl on line 28
2018-12-14 10:48:28 - PHP Notice:  Undefined variable: theme in C:\phpdemo\upload\catalog\view\theme\basecart\template\common\header.tpl on line 30
2018-12-14 10:48:28 - PHP Notice:  Undefined variable: theme in C:\phpdemo\upload\catalog\view\theme\basecart\template\common\header.tpl on line 32
2018-12-14 10:48:28 - PHP Notice:  Undefined variable: theme in C:\phpdemo\upload\catalog\view\theme\basecart\template\common\header.tpl on line 34
2018-12-14 10:48:28 - PHP Notice:  Undefined variable: theme in C:\phpdemo\upload\catalog\view\theme\basecart\template\common\header.tpl on line 36
2018-12-14 10:48:28 - PHP Notice:  Undefined variable: theme in C:\phpdemo\upload\catalog\view\theme\basecart\template\common\header.tpl on line 38
2018-12-14 10:48:28 - PHP Notice:  Undefined variable: theme in C:\phpdemo\upload\catalog\view\theme\basecart\template\common\header.tpl on line 40
2018-12-14 10:48:28 - PHP Notice:  Undefined variable: theme in C:\phpdemo\upload\catalog\view\theme\basecart\template\common\header.tpl on line 42
2018-12-14 10:48:28 - PHP Notice:  Undefined variable: theme in C:\phpdemo\upload\catalog\view\theme\basecart\template\common\header.tpl on line 44
2018-12-14 10:48:28 - PHP Notice:  Undefined variable: theme in C:\phpdemo\upload\catalog\view\theme\basecart\template\common\header.tpl on line 46
2018-12-14 10:48:28 - PHP Notice:  Undefined variable: theme in C:\phpdemo\upload\catalog\view\theme\basecart\template\common\header.tpl on line 48
2018-12-14 10:48:28 - PHP Notice:  Undefined variable: theme in C:\phpdemo\upload\catalog\view\theme\basecart\template\common\header.tpl on line 50
2018-12-14 10:48:28 - PHP Notice:  Undefined variable: theme in C:\phpdemo\upload\catalog\view\theme\basecart\template\common\header.tpl on line 52
2018-12-14 10:48:28 - PHP Notice:  Undefined variable: nav in C:\phpdemo\upload\catalog\view\theme\basecart\template\common\header.tpl on line 79
2018-12-14 10:50:18 - PHP Notice:  Undefined variable: theme in C:\phpdemo\upload\catalog\view\theme\basecart\template\common\header.tpl on line 22
2018-12-14 10:50:18 - PHP Notice:  Undefined variable: theme in C:\phpdemo\upload\catalog\view\theme\basecart\template\common\header.tpl on line 24
2018-12-14 10:50:18 - PHP Notice:  Undefined variable: theme in C:\phpdemo\upload\catalog\view\theme\basecart\template\common\header.tpl on line 26
2018-12-14 10:50:18 - PHP Notice:  Undefined variable: theme in C:\phpdemo\upload\catalog\view\theme\basecart\template\common\header.tpl on line 28
2018-12-14 10:50:18 - PHP Notice:  Undefined variable: theme in C:\phpdemo\upload\catalog\view\theme\basecart\template\common\header.tpl on line 30
2018-12-14 10:50:18 - PHP Notice:  Undefined variable: theme in C:\phpdemo\upload\catalog\view\theme\basecart\template\common\header.tpl on line 32
2018-12-14 10:50:18 - PHP Notice:  Undefined variable: theme in C:\phpdemo\upload\catalog\view\theme\basecart\template\common\header.tpl on line 34
2018-12-14 10:50:18 - PHP Notice:  Undefined variable: theme in C:\phpdemo\upload\catalog\view\theme\basecart\template\common\header.tpl on line 36
2018-12-14 10:50:18 - PHP Notice:  Undefined variable: theme in C:\phpdemo\upload\catalog\view\theme\basecart\template\common\header.tpl on line 38
2018-12-14 10:50:18 - PHP Notice:  Undefined variable: theme in C:\phpdemo\upload\catalog\view\theme\basecart\template\common\header.tpl on line 40
2018-12-14 10:50:18 - PHP Notice:  Undefined variable: theme in C:\phpdemo\upload\catalog\view\theme\basecart\template\common\header.tpl on line 42
2018-12-14 10:50:18 - PHP Notice:  Undefined variable: theme in C:\phpdemo\upload\catalog\view\theme\basecart\template\common\header.tpl on line 44
2018-12-14 10:50:18 - PHP Notice:  Undefined variable: theme in C:\phpdemo\upload\catalog\view\theme\basecart\template\common\header.tpl on line 46
2018-12-14 10:50:18 - PHP Notice:  Undefined variable: theme in C:\phpdemo\upload\catalog\view\theme\basecart\template\common\header.tpl on line 48
2018-12-14 10:50:18 - PHP Notice:  Undefined variable: theme in C:\phpdemo\upload\catalog\view\theme\basecart\template\common\header.tpl on line 50
2018-12-14 10:50:18 - PHP Notice:  Undefined variable: theme in C:\phpdemo\upload\catalog\view\theme\basecart\template\common\header.tpl on line 52
2018-12-14 10:50:18 - PHP Notice:  Undefined variable: nav in C:\phpdemo\upload\catalog\view\theme\basecart\template\common\header.tpl on line 79
2018-12-14 12:47:48 - PHP Notice:  Undefined variable: icon in C:\phpdemo\upload\catalog\view\theme\fashion\template\common\header.tpl on line 20
2018-12-14 12:47:48 - PHP Notice:  Undefined variable: google_analytics in C:\phpdemo\upload\catalog\view\theme\fashion\template\common\header.tpl on line 40
2018-12-14 12:48:22 - PHP Notice:  Undefined variable: icon in C:\phpdemo\upload\catalog\view\theme\fashion\template\common\header.tpl on line 20
2018-12-14 12:48:22 - PHP Notice:  Undefined variable: google_analytics in C:\phpdemo\upload\catalog\view\theme\fashion\template\common\header.tpl on line 40
2018-12-14 12:48:25 - PHP Notice:  Undefined variable: icon in C:\phpdemo\upload\catalog\view\theme\fashion\template\common\header.tpl on line 20
2018-12-14 12:48:25 - PHP Notice:  Undefined variable: google_analytics in C:\phpdemo\upload\catalog\view\theme\fashion\template\common\header.tpl on line 40
2018-12-14 14:10:13 - PHP Notice:  Undefined variable: icon in C:\phpdemo\upload\catalog\view\theme\fashion\template\common\header.tpl on line 20
2018-12-17 10:07:42 - PHP Notice:  Undefined variable: icon in C:\phpdemo\upload\catalog\view\theme\fashion\template\common\header.tpl on line 20
2018-12-18 16:31:31 - PHP Notice:  Undefined variable: icon in C:\phpdemo\upload\catalog\view\theme\fashion\template\common\header.tpl on line 20
2018-12-19 17:45:53 - PHP Notice:  Undefined variable: icon in C:\phpdemo\upload\catalog\view\theme\fashion\template\common\header.tpl on line 20
2018-12-28 9:53:38 - PHP Notice:  Undefined variable: icon in C:\phpdemo\upload\catalog\view\theme\fashion\template\common\header.tpl on line 20
2019-01-02 9:31:52 - PHP Notice:  Undefined variable: icon in C:\phpdemo\upload\catalog\view\theme\fashion\template\common\header.tpl on line 20
2019-01-02 9:32:06 - PHP Notice:  Undefined variable: icon in C:\phpdemo\upload\catalog\view\theme\fashion\template\common\header.tpl on line 20
2019-01-02 10:09:37 - PHP Notice:  Undefined variable: icon in C:\phpdemo\upload\catalog\view\theme\fashion\template\common\header.tpl on line 20
2019-01-02 10:09:41 - PHP Notice:  Undefined variable: icon in C:\phpdemo\upload\catalog\view\theme\fashion\template\common\header.tpl on line 20
2019-01-02 10:10:13 - PHP Notice:  Undefined variable: icon in C:\phpdemo\upload\catalog\view\theme\fashion\template\common\header.tpl on line 20
2019-01-02 10:10:44 - PHP Notice:  Undefined variable: icon in C:\phpdemo\upload\catalog\view\theme\fashion\template\common\header.tpl on line 20
2019-01-02 10:10:48 - PHP Notice:  Undefined variable: icon in C:\phpdemo\upload\catalog\view\theme\fashion\template\common\header.tpl on line 20
2019-01-02 10:10:51 - PHP Notice:  Undefined variable: icon in C:\phpdemo\upload\catalog\view\theme\fashion\template\common\header.tpl on line 20
2019-01-02 10:11:43 - PHP Notice:  Undefined variable: icon in C:\phpdemo\upload\catalog\view\theme\fashion\template\common\header.tpl on line 20
2019-01-02 10:16:26 - PHP Notice:  Undefined variable: icon in C:\phpdemo\upload\catalog\view\theme\fashion\template\common\header.tpl on line 20
2019-01-02 10:23:05 - PHP Notice:  Undefined variable: icon in C:\phpdemo\upload\catalog\view\theme\fashion\template\common\header.tpl on line 20
2019-01-02 10:47:03 - PHP Notice:  Undefined variable: icon in C:\phpdemo\upload\catalog\view\theme\fashion\template\common\header.tpl on line 20
2019-01-02 11:07:27 - PHP Notice:  Undefined variable: icon in C:\phpdemo\upload\catalog\view\theme\fashion\template\common\header.tpl on line 20
2019-01-02 11:07:30 - PHP Notice:  Undefined variable: icon in C:\phpdemo\upload\catalog\view\theme\fashion\template\common\header.tpl on line 20
2019-01-02 11:07:35 - PHP Notice:  Undefined variable: icon in C:\phpdemo\upload\catalog\view\theme\fashion\template\common\header.tpl on line 20
2019-01-02 11:08:16 - PHP Notice:  Undefined variable: icon in C:\phpdemo\upload\catalog\view\theme\fashion\template\common\header.tpl on line 20
2019-01-02 11:08:23 - PHP Notice:  Undefined variable: icon in C:\phpdemo\upload\catalog\view\theme\fashion\template\common\header.tpl on line 20
2019-01-02 11:08:26 - PHP Notice:  Undefined variable: icon in C:\phpdemo\upload\catalog\view\theme\fashion\template\common\header.tpl on line 20
2019-01-02 11:08:30 - PHP Notice:  Undefined variable: icon in C:\phpdemo\upload\catalog\view\theme\fashion\template\common\header.tpl on line 20
2019-01-02 11:08:39 - PHP Notice:  Undefined variable: icon in C:\phpdemo\upload\catalog\view\theme\fashion\template\common\header.tpl on line 20
2019-01-02 11:08:41 - PHP Notice:  Undefined variable: icon in C:\phpdemo\upload\catalog\view\theme\fashion\template\common\header.tpl on line 20
2019-01-02 11:08:42 - PHP Notice:  Undefined variable: icon in C:\phpdemo\upload\catalog\view\theme\fashion\template\common\header.tpl on line 20
2019-01-02 11:08:44 - PHP Notice:  Undefined variable: icon in C:\phpdemo\upload\catalog\view\theme\fashion\template\common\header.tpl on line 20
2019-01-02 11:08:45 - PHP Notice:  Undefined variable: icon in C:\phpdemo\upload\catalog\view\theme\fashion\template\common\header.tpl on line 20
2019-01-02 11:08:47 - PHP Notice:  Undefined variable: icon in C:\phpdemo\upload\catalog\view\theme\fashion\template\common\header.tpl on line 20
2019-01-02 11:08:49 - PHP Notice:  Undefined variable: icon in C:\phpdemo\upload\catalog\view\theme\fashion\template\common\header.tpl on line 20
2019-01-02 11:14:12 - PHP Notice:  Undefined variable: icon in C:\phpdemo\upload\catalog\view\theme\fashion\template\common\header.tpl on line 20
2019-01-02 11:14:49 - PHP Notice:  Undefined variable: icon in C:\phpdemo\upload\catalog\view\theme\fashion\template\common\header.tpl on line 20
2019-01-02 11:14:53 - PHP Notice:  Undefined variable: icon in C:\phpdemo\upload\catalog\view\theme\fashion\template\common\header.tpl on line 20
2019-01-02 11:38:21 - PHP Notice:  Undefined variable: icon in C:\phpdemo\upload\catalog\view\theme\fashion\template\common\header.tpl on line 20
2019-01-02 11:38:30 - PHP Notice:  Undefined variable: icon in C:\phpdemo\upload\catalog\view\theme\fashion\template\common\header.tpl on line 20
2019-01-02 11:38:35 - PHP Notice:  Undefined index: date_modified in C:\phpdemo\upload\catalog\controller\account\login.php on line 190
2019-01-02 11:38:35 - PHP Notice:  Undefined variable: icon in C:\phpdemo\upload\catalog\view\theme\fashion\template\common\header.tpl on line 20
2019-01-02 11:38:44 - PHP Notice:  Undefined variable: icon in C:\phpdemo\upload\catalog\view\theme\fashion\template\common\header.tpl on line 20
2019-01-02 11:39:01 - PHP Notice:  Undefined variable: icon in C:\phpdemo\upload\catalog\view\theme\fashion\template\common\header.tpl on line 20
2019-01-02 11:39:03 - PHP Notice:  Undefined variable: icon in C:\phpdemo\upload\catalog\view\theme\fashion\template\common\header.tpl on line 20
2019-01-02 11:39:29 - PHP Notice:  Undefined variable: icon in C:\phpdemo\upload\catalog\view\theme\fashion\template\common\header.tpl on line 20
2019-01-02 11:41:48 - PHP Notice:  Undefined variable: icon in C:\phpdemo\upload\catalog\view\theme\fashion\template\common\header.tpl on line 20
2019-01-02 11:42:18 - PHP Notice:  Undefined variable: icon in C:\phpdemo\upload\catalog\view\theme\fashion\template\common\header.tpl on line 20
2019-01-02 11:48:19 - PHP Notice:  Undefined variable: icon in C:\phpdemo\upload\catalog\view\theme\fashion\template\common\header.tpl on line 20
2019-01-02 11:48:23 - PHP Notice:  Undefined variable: icon in C:\phpdemo\upload\catalog\view\theme\fashion\template\common\header.tpl on line 20
2019-01-02 11:48:25 - PHP Notice:  Undefined variable: icon in C:\phpdemo\upload\catalog\view\theme\fashion\template\common\header.tpl on line 20
2019-01-02 11:48:31 - PHP Notice:  Undefined index: date_modified in C:\phpdemo\upload\catalog\controller\account\login.php on line 190
2019-01-02 11:48:32 - PHP Notice:  Undefined variable: icon in C:\phpdemo\upload\catalog\view\theme\fashion\template\common\header.tpl on line 20
2019-01-02 11:49:05 - PHP Notice:  Undefined variable: icon in C:\phpdemo\upload\catalog\view\theme\fashion\template\common\header.tpl on line 20
2019-01-02 11:49:11 - PHP Notice:  Undefined variable: icon in C:\phpdemo\upload\catalog\view\theme\fashion\template\common\header.tpl on line 20
2019-01-02 11:49:50 - PHP Notice:  Undefined variable: icon in C:\phpdemo\upload\catalog\view\theme\fashion\template\common\header.tpl on line 20
2019-01-02 11:50:02 - PHP Notice:  Undefined variable: icon in C:\phpdemo\upload\catalog\view\theme\fashion\template\common\header.tpl on line 20
2019-01-02 11:50:04 - PHP Notice:  Undefined variable: icon in C:\phpdemo\upload\catalog\view\theme\fashion\template\common\header.tpl on line 20
2019-01-02 11:50:06 - PHP Notice:  Undefined variable: icon in C:\phpdemo\upload\catalog\view\theme\fashion\template\common\header.tpl on line 20
2019-01-02 11:51:02 - PHP Notice:  Undefined property: Request::$pos in C:\phpdemo\upload\catalog\controller\account\login.php on line 194
2019-01-02 11:51:02 - PHP Notice:  Undefined variable: query in C:\phpdemo\upload\catalog\model\account\customer.php on line 180
2019-01-02 11:51:02 - PHP Notice:  Trying to get property of non-object in C:\phpdemo\upload\catalog\model\account\customer.php on line 180
2019-01-02 11:51:02 - PHP Notice:  Undefined variable: icon in C:\phpdemo\upload\catalog\view\theme\fashion\template\common\header.tpl on line 20
2019-01-02 13:03:47 - PHP Notice:  Undefined property: Request::$pos in C:\phpdemo\upload\catalog\controller\account\login.php on line 194
2019-01-02 13:03:47 - PHP Notice:  Undefined variable: query in C:\phpdemo\upload\catalog\model\account\customer.php on line 180
2019-01-02 13:03:47 - PHP Notice:  Trying to get property of non-object in C:\phpdemo\upload\catalog\model\account\customer.php on line 180
2019-01-02 13:03:47 - PHP Notice:  Undefined variable: icon in C:\phpdemo\upload\catalog\view\theme\fashion\template\common\header.tpl on line 20
2019-01-02 13:05:32 - PHP Notice:  Undefined variable: icon in C:\phpdemo\upload\catalog\view\theme\fashion\template\common\header.tpl on line 20
2019-01-02 13:05:52 - PHP Notice:  Undefined property: Request::$pos in C:\phpdemo\upload\catalog\controller\account\login.php on line 194
2019-01-02 13:05:53 - PHP Notice:  Undefined variable: icon in C:\phpdemo\upload\catalog\view\theme\fashion\template\common\header.tpl on line 20
2019-01-02 13:07:34 - PHP Notice:  Undefined variable: icon in C:\phpdemo\upload\catalog\view\theme\fashion\template\common\header.tpl on line 20
2019-01-02 13:09:27 - PHP Notice:  Undefined property: Request::$pos in C:\phpdemo\upload\catalog\controller\account\login.php on line 193
2019-01-02 13:11:24 - PHP Notice:  Undefined variable: icon in C:\phpdemo\upload\catalog\view\theme\fashion\template\common\header.tpl on line 20
2019-01-02 13:11:30 - PHP Notice:  Undefined variable: icon in C:\phpdemo\upload\catalog\view\theme\fashion\template\common\header.tpl on line 20
2019-01-02 13:11:53 - PHP Notice:  Undefined variable: icon in C:\phpdemo\upload\catalog\view\theme\fashion\template\common\header.tpl on line 20
2019-01-02 13:11:53 - PHP Notice:  Undefined variable: icon in C:\phpdemo\upload\catalog\view\theme\fashion\template\common\header.tpl on line 20
2019-01-02 13:12:07 - PHP Notice:  Undefined variable: icon in C:\phpdemo\upload\catalog\view\theme\fashion\template\common\header.tpl on line 20
2019-01-02 13:12:15 - PHP Notice:  Undefined variable: icon in C:\phpdemo\upload\catalog\view\theme\fashion\template\common\header.tpl on line 20
2019-01-02 13:12:16 - PHP Notice:  Undefined variable: icon in C:\phpdemo\upload\catalog\view\theme\fashion\template\common\header.tpl on line 20
2019-01-02 13:12:18 - PHP Notice:  Undefined variable: icon in C:\phpdemo\upload\catalog\view\theme\fashion\template\common\header.tpl on line 20
2019-01-02 13:12:21 - PHP Notice:  Undefined variable: icon in C:\phpdemo\upload\catalog\view\theme\fashion\template\common\header.tpl on line 20
2019-01-02 13:12:23 - PHP Notice:  Undefined variable: icon in C:\phpdemo\upload\catalog\view\theme\fashion\template\common\header.tpl on line 20
2019-01-02 13:12:25 - PHP Notice:  Undefined variable: icon in C:\phpdemo\upload\catalog\view\theme\fashion\template\common\header.tpl on line 20
2019-01-02 13:12:39 - PHP Notice:  Undefined variable: icon in C:\phpdemo\upload\catalog\view\theme\fashion\template\common\header.tpl on line 20
2019-01-02 13:12:45 - PHP Notice:  Undefined variable: icon in C:\phpdemo\upload\catalog\view\theme\fashion\template\common\header.tpl on line 20
2019-01-02 13:13:39 - PHP Notice:  Undefined variable: icon in C:\phpdemo\upload\catalog\view\theme\fashion\template\common\header.tpl on line 20
2019-01-02 13:17:27 - PHP Notice:  Undefined variable: icon in C:\phpdemo\upload\catalog\view\theme\fashion\template\common\header.tpl on line 20
2019-01-02 13:17:32 - PHP Notice:  Undefined variable: icon in C:\phpdemo\upload\catalog\view\theme\fashion\template\common\header.tpl on line 20
2019-01-02 13:17:39 - PHP Notice:  Undefined variable: icon in C:\phpdemo\upload\catalog\view\theme\fashion\template\common\header.tpl on line 20
2019-01-02 13:18:20 - PHP Notice:  Undefined variable: icon in C:\phpdemo\upload\catalog\view\theme\fashion\template\common\header.tpl on line 20
2019-01-02 13:18:23 - PHP Notice:  Undefined variable: icon in C:\phpdemo\upload\catalog\view\theme\fashion\template\common\header.tpl on line 20
2019-01-02 13:20:58 - PHP Notice:  Undefined variable: icon in C:\phpdemo\upload\catalog\view\theme\fashion\template\common\header.tpl on line 20
2019-01-02 13:21:01 - PHP Notice:  Undefined variable: icon in C:\phpdemo\upload\catalog\view\theme\fashion\template\common\header.tpl on line 20
2019-01-02 13:21:07 - PHP Notice:  Undefined variable: icon in C:\phpdemo\upload\catalog\view\theme\fashion\template\common\header.tpl on line 20
2019-01-02 13:21:10 - PHP Notice:  Undefined variable: icon in C:\phpdemo\upload\catalog\view\theme\fashion\template\common\header.tpl on line 20
2019-01-02 13:21:13 - PHP Notice:  Undefined variable: icon in C:\phpdemo\upload\catalog\view\theme\fashion\template\common\header.tpl on line 20
2019-01-02 13:21:13 - PHP Notice:  Undefined variable: site_key in C:\phpdemo\upload\catalog\view\theme\fashion\template\product\product.tpl on line 459
2019-01-02 13:21:18 - PHP Notice:  Undefined variable: icon in C:\phpdemo\upload\catalog\view\theme\fashion\template\common\header.tpl on line 20
2019-01-02 13:21:23 - PHP Notice:  Undefined variable: icon in C:\phpdemo\upload\catalog\view\theme\fashion\template\common\header.tpl on line 20
2019-01-02 13:21:23 - PHP Notice:  Undefined variable: site_key in C:\phpdemo\upload\catalog\view\theme\fashion\template\product\product.tpl on line 459
2019-01-02 13:21:31 - PHP Notice:  Undefined variable: icon in C:\phpdemo\upload\catalog\view\theme\fashion\template\common\header.tpl on line 20
2019-01-02 13:21:35 - PHP Notice:  Undefined variable: icon in C:\phpdemo\upload\catalog\view\theme\fashion\template\common\header.tpl on line 20
2019-01-02 13:21:35 - PHP Notice:  Undefined variable: site_key in C:\phpdemo\upload\catalog\view\theme\fashion\template\product\product.tpl on line 459
2019-01-02 13:21:39 - PHP Notice:  Undefined variable: icon in C:\phpdemo\upload\catalog\view\theme\fashion\template\common\header.tpl on line 20
2019-01-02 13:21:42 - PHP Notice:  Undefined variable: icon in C:\phpdemo\upload\catalog\view\theme\fashion\template\common\header.tpl on line 20
2019-01-02 13:21:45 - PHP Notice:  Undefined variable: icon in C:\phpdemo\upload\catalog\view\theme\fashion\template\common\header.tpl on line 20
2019-01-02 13:21:45 - PHP Notice:  Undefined variable: site_key in C:\phpdemo\upload\catalog\view\theme\fashion\template\product\product.tpl on line 459
2019-01-02 13:21:48 - PHP Notice:  Undefined variable: icon in C:\phpdemo\upload\catalog\view\theme\fashion\template\common\header.tpl on line 20
2019-01-02 13:21:51 - PHP Notice:  Undefined variable: icon in C:\phpdemo\upload\catalog\view\theme\fashion\template\common\header.tpl on line 20
2019-01-02 13:21:56 - PHP Notice:  Undefined variable: icon in C:\phpdemo\upload\catalog\view\theme\fashion\template\common\header.tpl on line 20
2019-01-02 13:21:58 - PHP Notice:  Undefined variable: icon in C:\phpdemo\upload\catalog\view\theme\fashion\template\common\header.tpl on line 20
2019-01-02 13:21:58 - PHP Notice:  Undefined variable: site_key in C:\phpdemo\upload\catalog\view\theme\fashion\template\product\product.tpl on line 459
2019-01-02 13:30:57 - PHP Notice:  Undefined variable: icon in C:\phpdemo\upload\catalog\view\theme\fashion\template\common\header.tpl on line 20
2019-01-02 13:30:57 - PHP Notice:  Undefined variable: site_key in C:\phpdemo\upload\catalog\view\theme\fashion\template\product\product.tpl on line 459
2019-01-02 13:31:09 - PHP Notice:  Undefined variable: icon in C:\phpdemo\upload\catalog\view\theme\fashion\template\common\header.tpl on line 20
2019-01-02 13:31:09 - PHP Notice:  Undefined variable: site_key in C:\phpdemo\upload\catalog\view\theme\fashion\template\product\product.tpl on line 459
2019-01-02 13:33:04 - PHP Notice:  Undefined variable: icon in C:\phpdemo\upload\catalog\view\theme\fashion\template\common\header.tpl on line 20
2019-01-02 13:33:11 - PHP Notice:  Undefined variable: icon in C:\phpdemo\upload\catalog\view\theme\fashion\template\common\header.tpl on line 20
2019-01-02 13:33:11 - PHP Notice:  Undefined variable: site_key in C:\phpdemo\upload\catalog\view\theme\fashion\template\product\product.tpl on line 459
2019-01-02 13:34:50 - PHP Notice:  Undefined variable: icon in C:\phpdemo\upload\catalog\view\theme\fashion\template\common\header.tpl on line 20
2019-01-02 13:34:54 - PHP Notice:  Undefined variable: icon in C:\phpdemo\upload\catalog\view\theme\fashion\template\common\header.tpl on line 20
2019-01-02 13:34:57 - PHP Notice:  Undefined variable: icon in C:\phpdemo\upload\catalog\view\theme\fashion\template\common\header.tpl on line 20
2019-01-02 13:35:04 - PHP Notice:  Undefined variable: icon in C:\phpdemo\upload\catalog\view\theme\fashion\template\common\header.tpl on line 20
2019-01-02 13:35:52 - PHP Notice:  Undefined variable: icon in C:\phpdemo\upload\catalog\view\theme\fashion\template\common\header.tpl on line 20
2019-01-02 13:35:57 - PHP Notice:  Undefined variable: icon in C:\phpdemo\upload\catalog\view\theme\fashion\template\common\header.tpl on line 20
2019-01-02 13:38:18 - PHP Notice:  Undefined variable: icon in C:\phpdemo\upload\catalog\view\theme\fashion\template\common\header.tpl on line 20
2019-01-02 13:39:24 - PHP Notice:  Undefined variable: icon in C:\phpdemo\upload\catalog\view\theme\fashion\template\common\header.tpl on line 20
2019-01-02 13:39:30 - PHP Notice:  Undefined variable: icon in C:\phpdemo\upload\catalog\view\theme\fashion\template\common\header.tpl on line 20
2019-01-02 13:39:34 - PHP Notice:  Undefined variable: icon in C:\phpdemo\upload\catalog\view\theme\fashion\template\common\header.tpl on line 20
2019-01-02 13:39:34 - PHP Notice:  Undefined variable: site_key in C:\phpdemo\upload\catalog\view\theme\fashion\template\product\product.tpl on line 459
2019-01-02 13:39:36 - PHP Notice:  Undefined variable: icon in C:\phpdemo\upload\catalog\view\theme\fashion\template\common\header.tpl on line 20
2019-01-02 13:39:44 - PHP Notice:  Undefined variable: icon in C:\phpdemo\upload\catalog\view\theme\fashion\template\common\header.tpl on line 20
2019-01-02 13:39:44 - PHP Notice:  Undefined variable: site_key in C:\phpdemo\upload\catalog\view\theme\fashion\template\product\product.tpl on line 459
2019-01-02 13:39:50 - PHP Notice:  Undefined variable: icon in C:\phpdemo\upload\catalog\view\theme\fashion\template\common\header.tpl on line 20
2019-01-02 13:40:32 - PHP Notice:  Undefined variable: icon in C:\phpdemo\upload\catalog\view\theme\fashion\template\common\header.tpl on line 20
2019-01-02 13:40:39 - PHP Notice:  Undefined variable: icon in C:\phpdemo\upload\catalog\view\theme\fashion\template\common\header.tpl on line 20
2019-01-02 13:40:44 - PHP Notice:  Undefined variable: icon in C:\phpdemo\upload\catalog\view\theme\fashion\template\common\header.tpl on line 20
2019-01-02 13:40:46 - PHP Notice:  Undefined variable: icon in C:\phpdemo\upload\catalog\view\theme\fashion\template\common\header.tpl on line 20
2019-01-02 13:40:46 - PHP Notice:  Undefined variable: site_key in C:\phpdemo\upload\catalog\view\theme\fashion\template\product\product.tpl on line 459
2019-01-02 13:40:58 - PHP Notice:  Undefined variable: icon in C:\phpdemo\upload\catalog\view\theme\fashion\template\common\header.tpl on line 20
2019-01-02 13:41:04 - PHP Notice:  Undefined variable: icon in C:\phpdemo\upload\catalog\view\theme\fashion\template\common\header.tpl on line 20
2019-01-02 13:41:09 - PHP Notice:  Undefined variable: icon in C:\phpdemo\upload\catalog\view\theme\fashion\template\common\header.tpl on line 20
2019-01-02 13:41:22 - PHP Notice:  Undefined variable: icon in C:\phpdemo\upload\catalog\view\theme\fashion\template\common\header.tpl on line 20
2019-01-02 13:41:27 - PHP Notice:  Undefined variable: icon in C:\phpdemo\upload\catalog\view\theme\fashion\template\common\header.tpl on line 20
2019-01-02 13:41:27 - PHP Notice:  Undefined variable: site_key in C:\phpdemo\upload\catalog\view\theme\fashion\template\product\product.tpl on line 459
2019-01-02 13:43:02 - PHP Notice:  Undefined variable: icon in C:\phpdemo\upload\catalog\view\theme\fashion\template\common\header.tpl on line 20
2019-01-02 13:43:02 - PHP Notice:  Undefined variable: site_key in C:\phpdemo\upload\catalog\view\theme\fashion\template\product\product.tpl on line 459
2019-01-02 13:43:12 - PHP Notice:  Undefined variable: icon in C:\phpdemo\upload\catalog\view\theme\fashion\template\common\header.tpl on line 20
2019-01-02 13:43:12 - PHP Notice:  Undefined variable: site_key in C:\phpdemo\upload\catalog\view\theme\fashion\template\product\product.tpl on line 459
2019-01-02 13:44:27 - PHP Notice:  Undefined variable: icon in C:\phpdemo\upload\catalog\view\theme\fashion\template\common\header.tpl on line 20
2019-01-02 13:44:27 - PHP Notice:  Undefined variable: site_key in C:\phpdemo\upload\catalog\view\theme\fashion\template\product\product.tpl on line 459
2019-01-02 13:48:34 - PHP Notice:  Undefined variable: icon in C:\phpdemo\upload\catalog\view\theme\fashion\template\common\header.tpl on line 20
2019-01-02 13:48:34 - PHP Notice:  Undefined variable: site_key in C:\phpdemo\upload\catalog\view\theme\fashion\template\product\product.tpl on line 459
2019-01-02 13:49:45 - PHP Notice:  Undefined variable: icon in C:\phpdemo\upload\catalog\view\theme\fashion\template\common\header.tpl on line 20
2019-01-02 13:49:45 - PHP Notice:  Undefined variable: site_key in C:\phpdemo\upload\catalog\view\theme\fashion\template\product\product.tpl on line 459
2019-01-02 13:51:02 - PHP Notice:  Undefined variable: icon in C:\phpdemo\upload\catalog\view\theme\fashion\template\common\header.tpl on line 20
2019-01-02 13:51:02 - PHP Notice:  Undefined variable: site_key in C:\phpdemo\upload\catalog\view\theme\fashion\template\product\product.tpl on line 459
2019-01-02 13:52:20 - PHP Notice:  Undefined variable: icon in C:\phpdemo\upload\catalog\view\theme\fashion\template\common\header.tpl on line 20
2019-01-02 13:52:20 - PHP Notice:  Undefined variable: site_key in C:\phpdemo\upload\catalog\view\theme\fashion\template\product\product.tpl on line 459
2019-01-02 13:52:43 - PHP Notice:  Undefined variable: icon in C:\phpdemo\upload\catalog\view\theme\fashion\template\common\header.tpl on line 20
2019-01-02 13:52:43 - PHP Notice:  Undefined variable: site_key in C:\phpdemo\upload\catalog\view\theme\fashion\template\product\product.tpl on line 459
2019-01-02 13:52:52 - PHP Notice:  Undefined variable: icon in C:\phpdemo\upload\catalog\view\theme\fashion\template\common\header.tpl on line 20
2019-01-02 13:52:52 - PHP Notice:  Undefined variable: site_key in C:\phpdemo\upload\catalog\view\theme\fashion\template\product\product.tpl on line 459
2019-01-02 13:53:11 - PHP Notice:  Undefined variable: icon in C:\phpdemo\upload\catalog\view\theme\fashion\template\common\header.tpl on line 20
2019-01-02 13:53:11 - PHP Notice:  Undefined variable: site_key in C:\phpdemo\upload\catalog\view\theme\fashion\template\product\product.tpl on line 459
2019-01-02 13:53:14 - PHP Notice:  Undefined variable: icon in C:\phpdemo\upload\catalog\view\theme\fashion\template\common\header.tpl on line 20
2019-01-02 13:53:14 - PHP Notice:  Undefined variable: site_key in C:\phpdemo\upload\catalog\view\theme\fashion\template\product\product.tpl on line 459
2019-01-02 13:53:45 - PHP Notice:  Undefined variable: icon in C:\phpdemo\upload\catalog\view\theme\fashion\template\common\header.tpl on line 20
2019-01-02 13:53:45 - PHP Notice:  Undefined variable: site_key in C:\phpdemo\upload\catalog\view\theme\fashion\template\product\product.tpl on line 459
2019-01-02 13:53:50 - PHP Notice:  Undefined variable: icon in C:\phpdemo\upload\catalog\view\theme\fashion\template\common\header.tpl on line 20
2019-01-02 13:53:50 - PHP Notice:  Undefined variable: site_key in C:\phpdemo\upload\catalog\view\theme\fashion\template\product\product.tpl on line 459
2019-01-02 13:54:04 - PHP Notice:  Undefined variable: icon in C:\phpdemo\upload\catalog\view\theme\fashion\template\common\header.tpl on line 20
2019-01-02 13:54:04 - PHP Notice:  Undefined variable: site_key in C:\phpdemo\upload\catalog\view\theme\fashion\template\product\product.tpl on line 459
2019-01-02 13:55:31 - PHP Notice:  Undefined variable: icon in C:\phpdemo\upload\catalog\view\theme\fashion\template\common\header.tpl on line 20
2019-01-02 13:55:31 - PHP Notice:  Undefined variable: site_key in C:\phpdemo\upload\catalog\view\theme\fashion\template\product\product.tpl on line 459
2019-01-02 13:55:36 - PHP Notice:  Undefined variable: icon in C:\phpdemo\upload\catalog\view\theme\fashion\template\common\header.tpl on line 20
2019-01-02 13:55:36 - PHP Notice:  Undefined variable: site_key in C:\phpdemo\upload\catalog\view\theme\fashion\template\product\product.tpl on line 459
2019-01-02 13:55:53 - PHP Notice:  Undefined variable: icon in C:\phpdemo\upload\catalog\view\theme\fashion\template\common\header.tpl on line 20
2019-01-02 13:55:56 - PHP Notice:  Undefined variable: icon in C:\phpdemo\upload\catalog\view\theme\fashion\template\common\header.tpl on line 20
2019-01-02 13:55:56 - PHP Notice:  Undefined variable: site_key in C:\phpdemo\upload\catalog\view\theme\fashion\template\product\product.tpl on line 459
2019-01-02 13:55:58 - PHP Notice:  Undefined variable: icon in C:\phpdemo\upload\catalog\view\theme\fashion\template\common\header.tpl on line 20
2019-01-02 13:56:04 - PHP Notice:  Undefined variable: icon in C:\phpdemo\upload\catalog\view\theme\fashion\template\common\header.tpl on line 20
2019-01-02 13:56:04 - PHP Notice:  Undefined variable: site_key in C:\phpdemo\upload\catalog\view\theme\fashion\template\product\product.tpl on line 459
2019-01-02 13:56:43 - PHP Notice:  Undefined variable: icon in C:\phpdemo\upload\catalog\view\theme\fashion\template\common\header.tpl on line 20
2019-01-02 13:56:43 - PHP Notice:  Undefined variable: site_key in C:\phpdemo\upload\catalog\view\theme\fashion\template\product\product.tpl on line 459
2019-01-02 13:57:43 - PHP Notice:  Undefined variable: icon in C:\phpdemo\upload\catalog\view\theme\fashion\template\common\header.tpl on line 20
2019-01-02 13:57:43 - PHP Notice:  Undefined variable: site_key in C:\phpdemo\upload\catalog\view\theme\fashion\template\product\product.tpl on line 459
2019-01-02 14:01:03 - PHP Notice:  Undefined variable: icon in C:\phpdemo\upload\catalog\view\theme\fashion\template\common\header.tpl on line 20
2019-01-02 14:01:03 - PHP Notice:  Undefined variable: site_key in C:\phpdemo\upload\catalog\view\theme\fashion\template\product\product.tpl on line 459
2019-01-02 14:01:18 - PHP Notice:  Undefined variable: icon in C:\phpdemo\upload\catalog\view\theme\fashion\template\common\header.tpl on line 20
2019-01-02 14:01:18 - PHP Notice:  Undefined variable: site_key in C:\phpdemo\upload\catalog\view\theme\fashion\template\product\product.tpl on line 459
2019-01-02 14:01:47 - PHP Notice:  Undefined variable: icon in C:\phpdemo\upload\catalog\view\theme\fashion\template\common\header.tpl on line 20
2019-01-02 14:01:47 - PHP Notice:  Undefined variable: site_key in C:\phpdemo\upload\catalog\view\theme\fashion\template\product\product.tpl on line 459
2019-01-02 14:03:22 - PHP Notice:  Undefined variable: icon in C:\phpdemo\upload\catalog\view\theme\fashion\template\common\header.tpl on line 20
2019-01-02 14:03:27 - PHP Notice:  Undefined variable: icon in C:\phpdemo\upload\catalog\view\theme\fashion\template\common\header.tpl on line 20
2019-01-02 14:03:27 - PHP Notice:  Undefined variable: site_key in C:\phpdemo\upload\catalog\view\theme\fashion\template\product\product.tpl on line 459
2019-01-02 14:03:43 - PHP Notice:  Undefined variable: icon in C:\phpdemo\upload\catalog\view\theme\fashion\template\common\header.tpl on line 20
2019-01-02 14:03:43 - PHP Notice:  Undefined variable: site_key in C:\phpdemo\upload\catalog\view\theme\fashion\template\product\product.tpl on line 459
2019-01-02 14:03:46 - PHP Notice:  Undefined variable: icon in C:\phpdemo\upload\catalog\view\theme\fashion\template\common\header.tpl on line 20
2019-01-02 14:03:52 - PHP Notice:  Undefined variable: icon in C:\phpdemo\upload\catalog\view\theme\fashion\template\common\header.tpl on line 20
2019-01-02 14:03:52 - PHP Notice:  Undefined variable: site_key in C:\phpdemo\upload\catalog\view\theme\fashion\template\product\product.tpl on line 459
2019-01-02 14:05:16 - PHP Notice:  Undefined variable: icon in C:\phpdemo\upload\catalog\view\theme\fashion\template\common\header.tpl on line 20
2019-01-02 14:05:16 - PHP Notice:  Undefined variable: site_key in C:\phpdemo\upload\catalog\view\theme\fashion\template\product\product.tpl on line 459
2019-01-02 14:10:58 - PHP Notice:  Undefined index: manufacturer in C:\phpdemo\upload\catalog\controller\product\product.php on line 267
2019-01-02 14:10:58 - PHP Notice:  Undefined variable: icon in C:\phpdemo\upload\catalog\view\theme\fashion\template\common\header.tpl on line 20
2019-01-02 14:10:58 - PHP Notice:  Undefined variable: site_key in C:\phpdemo\upload\catalog\view\theme\fashion\template\product\product.tpl on line 459
2019-01-02 14:11:09 - PHP Notice:  Undefined variable: icon in C:\phpdemo\upload\catalog\view\theme\fashion\template\common\header.tpl on line 20
2019-01-02 14:11:09 - PHP Notice:  Undefined variable: site_key in C:\phpdemo\upload\catalog\view\theme\fashion\template\product\product.tpl on line 459
2019-01-02 14:11:54 - PHP Notice:  Undefined variable: icon in C:\phpdemo\upload\catalog\view\theme\fashion\template\common\header.tpl on line 20
2019-01-02 14:11:59 - PHP Notice:  Undefined variable: icon in C:\phpdemo\upload\catalog\view\theme\fashion\template\common\header.tpl on line 20
2019-01-02 14:11:59 - PHP Notice:  Undefined variable: site_key in C:\phpdemo\upload\catalog\view\theme\fashion\template\product\product.tpl on line 459
2019-01-02 14:12:06 - PHP Notice:  Undefined variable: icon in C:\phpdemo\upload\catalog\view\theme\fashion\template\common\header.tpl on line 20
2019-01-02 14:12:06 - PHP Notice:  Undefined variable: site_key in C:\phpdemo\upload\catalog\view\theme\fashion\template\product\product.tpl on line 459
2019-01-02 14:12:12 - PHP Notice:  Undefined variable: icon in C:\phpdemo\upload\catalog\view\theme\fashion\template\common\header.tpl on line 20
2019-01-02 14:12:12 - PHP Notice:  Undefined variable: site_key in C:\phpdemo\upload\catalog\view\theme\fashion\template\product\product.tpl on line 459
2019-01-02 14:12:19 - PHP Notice:  Undefined variable: icon in C:\phpdemo\upload\catalog\view\theme\fashion\template\common\header.tpl on line 20
2019-01-02 14:12:19 - PHP Notice:  Undefined variable: site_key in C:\phpdemo\upload\catalog\view\theme\fashion\template\product\product.tpl on line 459
2019-01-02 14:12:21 - PHP Notice:  Undefined variable: icon in C:\phpdemo\upload\catalog\view\theme\fashion\template\common\header.tpl on line 20
2019-01-02 14:13:44 - PHP Notice:  Undefined variable: icon in C:\phpdemo\upload\catalog\view\theme\fashion\template\common\header.tpl on line 20
2019-01-02 14:13:44 - PHP Notice:  Undefined variable: manufacturer_id in C:\phpdemo\upload\catalog\view\theme\fashion\template\product\product.tpl on line 166
2019-01-02 14:13:44 - PHP Notice:  Undefined variable: site_key in C:\phpdemo\upload\catalog\view\theme\fashion\template\product\product.tpl on line 459
2019-01-02 14:13:50 - PHP Notice:  Undefined variable: icon in C:\phpdemo\upload\catalog\view\theme\fashion\template\common\header.tpl on line 20
2019-01-02 14:13:50 - PHP Notice:  Undefined variable: manufacturer_id in C:\phpdemo\upload\catalog\view\theme\fashion\template\product\product.tpl on line 166
2019-01-02 14:13:50 - PHP Notice:  Undefined variable: site_key in C:\phpdemo\upload\catalog\view\theme\fashion\template\product\product.tpl on line 459
2019-01-02 14:14:38 - PHP Notice:  Undefined variable: icon in C:\phpdemo\upload\catalog\view\theme\fashion\template\common\header.tpl on line 20
2019-01-02 14:14:38 - PHP Notice:  Undefined variable: manufacturer_id in C:\phpdemo\upload\catalog\view\theme\fashion\template\product\product.tpl on line 166
2019-01-02 14:14:38 - PHP Notice:  Undefined variable: site_key in C:\phpdemo\upload\catalog\view\theme\fashion\template\product\product.tpl on line 459
2019-01-02 14:17:02 - PHP Notice:  Undefined variable: icon in C:\phpdemo\upload\catalog\view\theme\fashion\template\common\header.tpl on line 20
2019-01-02 14:17:06 - PHP Notice:  Undefined variable: icon in C:\phpdemo\upload\catalog\view\theme\fashion\template\common\header.tpl on line 20
2019-01-02 14:17:08 - PHP Notice:  Undefined variable: icon in C:\phpdemo\upload\catalog\view\theme\fashion\template\common\header.tpl on line 20
2019-01-02 14:17:11 - PHP Notice:  Undefined variable: icon in C:\phpdemo\upload\catalog\view\theme\fashion\template\common\header.tpl on line 20
2019-01-02 14:17:11 - PHP Notice:  Undefined variable: manufacturer_id in C:\phpdemo\upload\catalog\view\theme\fashion\template\product\product.tpl on line 166
2019-01-02 14:17:11 - PHP Notice:  Undefined variable: site_key in C:\phpdemo\upload\catalog\view\theme\fashion\template\product\product.tpl on line 459
2019-01-02 14:25:50 - PHP Notice:  Undefined variable: icon in C:\phpdemo\upload\catalog\view\theme\fashion\template\common\header.tpl on line 20
2019-01-02 14:25:50 - PHP Notice:  Undefined variable: manufacturer_id in C:\phpdemo\upload\catalog\view\theme\fashion\template\product\product.tpl on line 166
2019-01-02 14:25:50 - PHP Notice:  Undefined variable: site_key in C:\phpdemo\upload\catalog\view\theme\fashion\template\product\product.tpl on line 459
2019-01-02 14:27:03 - PHP Notice:  Undefined variable: icon in C:\phpdemo\upload\catalog\view\theme\fashion\template\common\header.tpl on line 20
2019-01-02 14:27:03 - PHP Notice:  Undefined variable: manufacturer_id in C:\phpdemo\upload\catalog\view\theme\fashion\template\product\product.tpl on line 166
2019-01-02 14:27:03 - PHP Notice:  Undefined variable: site_key in C:\phpdemo\upload\catalog\view\theme\fashion\template\product\product.tpl on line 459
2019-01-02 14:27:20 - PHP Notice:  Undefined variable: icon in C:\phpdemo\upload\catalog\view\theme\fashion\template\common\header.tpl on line 20
2019-01-02 14:27:20 - PHP Notice:  Undefined variable: manufacturer_id in C:\phpdemo\upload\catalog\view\theme\fashion\template\product\product.tpl on line 166
2019-01-02 14:27:20 - PHP Notice:  Undefined variable: site_key in C:\phpdemo\upload\catalog\view\theme\fashion\template\product\product.tpl on line 459
2019-01-02 14:28:14 - PHP Notice:  Undefined variable: icon in C:\phpdemo\upload\catalog\view\theme\fashion\template\common\header.tpl on line 20
2019-01-02 14:28:14 - PHP Notice:  Undefined variable: manufacturer_id in C:\phpdemo\upload\catalog\view\theme\fashion\template\product\product.tpl on line 166
2019-01-02 14:28:14 - PHP Notice:  Undefined variable: site_key in C:\phpdemo\upload\catalog\view\theme\fashion\template\product\product.tpl on line 460
2019-01-02 14:29:00 - PHP Notice:  Undefined variable: icon in C:\phpdemo\upload\catalog\view\theme\fashion\template\common\header.tpl on line 20
2019-01-02 14:29:00 - PHP Notice:  Undefined variable: manufacturer_id in C:\phpdemo\upload\catalog\view\theme\fashion\template\product\product.tpl on line 166
2019-01-02 14:29:00 - PHP Notice:  Undefined variable: site_key in C:\phpdemo\upload\catalog\view\theme\fashion\template\product\product.tpl on line 460
2019-01-02 14:30:28 - PHP Notice:  Undefined variable: icon in C:\phpdemo\upload\catalog\view\theme\fashion\template\common\header.tpl on line 20
2019-01-02 14:30:28 - PHP Notice:  Undefined variable: site_key in C:\phpdemo\upload\catalog\view\theme\fashion\template\product\product.tpl on line 460
2019-01-02 14:30:44 - PHP Notice:  Undefined variable: icon in C:\phpdemo\upload\catalog\view\theme\fashion\template\common\header.tpl on line 20
2019-01-02 14:30:44 - PHP Notice:  Undefined variable: manufacturer_id in C:\phpdemo\upload\catalog\view\theme\fashion\template\product\product.tpl on line 166
2019-01-02 14:30:44 - PHP Notice:  Undefined variable: site_key in C:\phpdemo\upload\catalog\view\theme\fashion\template\product\product.tpl on line 460
2019-01-02 14:32:41 - PHP Notice:  Undefined variable: icon in C:\phpdemo\upload\catalog\view\theme\fashion\template\common\header.tpl on line 20
2019-01-02 14:32:41 - PHP Notice:  Undefined variable: manufacturer_id in C:\phpdemo\upload\catalog\view\theme\fashion\template\product\product.tpl on line 166
2019-01-02 14:32:41 - PHP Notice:  Undefined variable: site_key in C:\phpdemo\upload\catalog\view\theme\fashion\template\product\product.tpl on line 460
2019-01-02 14:32:43 - PHP Notice:  Undefined variable: icon in C:\phpdemo\upload\catalog\view\theme\fashion\template\common\header.tpl on line 20
2019-01-02 14:32:46 - PHP Notice:  Undefined variable: icon in C:\phpdemo\upload\catalog\view\theme\fashion\template\common\header.tpl on line 20
2019-01-02 14:32:46 - PHP Notice:  Undefined variable: manufacturer_id in C:\phpdemo\upload\catalog\view\theme\fashion\template\product\product.tpl on line 166
2019-01-02 14:32:46 - PHP Notice:  Undefined variable: site_key in C:\phpdemo\upload\catalog\view\theme\fashion\template\product\product.tpl on line 460
2019-01-02 14:32:52 - PHP Notice:  Undefined variable: icon in C:\phpdemo\upload\catalog\view\theme\fashion\template\common\header.tpl on line 20
2019-01-02 14:32:52 - PHP Notice:  Undefined variable: manufacturer_id in C:\phpdemo\upload\catalog\view\theme\fashion\template\product\product.tpl on line 166
2019-01-02 14:32:52 - PHP Notice:  Undefined variable: site_key in C:\phpdemo\upload\catalog\view\theme\fashion\template\product\product.tpl on line 460
2019-01-02 14:33:03 - PHP Notice:  Undefined variable: icon in C:\phpdemo\upload\catalog\view\theme\fashion\template\common\header.tpl on line 20
2019-01-02 14:35:16 - PHP Notice:  Undefined variable: icon in C:\phpdemo\upload\catalog\view\theme\fashion\template\common\header.tpl on line 20
2019-01-02 14:35:18 - PHP Notice:  Undefined variable: icon in C:\phpdemo\upload\catalog\view\theme\fashion\template\common\header.tpl on line 20
2019-01-02 14:35:18 - PHP Notice:  Undefined variable: site_key in C:\phpdemo\upload\catalog\view\theme\fashion\template\product\product.tpl on line 460
2019-01-02 14:54:30 - PHP Notice:  Undefined variable: icon in C:\phpdemo\upload\catalog\view\theme\fashion\template\common\header.tpl on line 20
2019-01-02 14:54:30 - PHP Notice:  Undefined variable: site_key in C:\phpdemo\upload\catalog\view\theme\fashion\template\product\product.tpl on line 460
2019-01-02 14:54:34 - PHP Notice:  Undefined variable: icon in C:\phpdemo\upload\catalog\view\theme\fashion\template\common\header.tpl on line 20
2019-01-02 14:54:34 - PHP Notice:  Undefined variable: site_key in C:\phpdemo\upload\catalog\view\theme\fashion\template\product\product.tpl on line 460
2019-01-02 14:54:40 - PHP Notice:  Undefined variable: icon in C:\phpdemo\upload\catalog\view\theme\fashion\template\common\header.tpl on line 20
2019-01-02 14:54:42 - PHP Notice:  Undefined variable: icon in C:\phpdemo\upload\catalog\view\theme\fashion\template\common\header.tpl on line 20
2019-01-02 14:54:42 - PHP Notice:  Undefined variable: site_key in C:\phpdemo\upload\catalog\view\theme\fashion\template\product\product.tpl on line 460
2019-01-02 14:54:50 - PHP Notice:  Undefined variable: icon in C:\phpdemo\upload\catalog\view\theme\fashion\template\common\header.tpl on line 20
2019-01-02 14:54:52 - PHP Notice:  Undefined variable: icon in C:\phpdemo\upload\catalog\view\theme\fashion\template\common\header.tpl on line 20
2019-01-02 14:54:52 - PHP Notice:  Undefined variable: site_key in C:\phpdemo\upload\catalog\view\theme\fashion\template\product\product.tpl on line 460
2019-01-02 14:54:56 - PHP Notice:  Undefined variable: icon in C:\phpdemo\upload\catalog\view\theme\fashion\template\common\header.tpl on line 20
2019-01-02 14:54:58 - PHP Notice:  Undefined variable: icon in C:\phpdemo\upload\catalog\view\theme\fashion\template\common\header.tpl on line 20
2019-01-02 14:54:58 - PHP Notice:  Undefined variable: site_key in C:\phpdemo\upload\catalog\view\theme\fashion\template\product\product.tpl on line 460
2019-01-02 14:54:58 - PHP Notice:  Undefined variable: icon in C:\phpdemo\upload\catalog\view\theme\fashion\template\common\header.tpl on line 20
2019-01-02 14:54:58 - PHP Notice:  Undefined variable: site_key in C:\phpdemo\upload\catalog\view\theme\fashion\template\product\product.tpl on line 460
2019-01-02 14:55:01 - PHP Notice:  Undefined variable: icon in C:\phpdemo\upload\catalog\view\theme\fashion\template\common\header.tpl on line 20
2019-01-02 14:55:02 - PHP Notice:  Undefined variable: icon in C:\phpdemo\upload\catalog\view\theme\fashion\template\common\header.tpl on line 20
2019-01-02 14:55:02 - PHP Notice:  Undefined variable: site_key in C:\phpdemo\upload\catalog\view\theme\fashion\template\product\product.tpl on line 460
2019-01-02 14:55:48 - PHP Notice:  Undefined variable: icon in C:\phpdemo\upload\catalog\view\theme\fashion\template\common\header.tpl on line 20
2019-01-02 14:55:48 - PHP Notice:  Undefined variable: site_key in C:\phpdemo\upload\catalog\view\theme\fashion\template\product\product.tpl on line 460
2019-01-02 14:55:50 - PHP Notice:  Undefined variable: icon in C:\phpdemo\upload\catalog\view\theme\fashion\template\common\header.tpl on line 20
2019-01-02 14:55:50 - PHP Notice:  Undefined variable: icon in C:\phpdemo\upload\catalog\view\theme\fashion\template\common\header.tpl on line 20
2019-01-02 14:55:54 - PHP Notice:  Undefined variable: icon in C:\phpdemo\upload\catalog\view\theme\fashion\template\common\header.tpl on line 20
2019-01-02 14:55:54 - PHP Notice:  Undefined variable: site_key in C:\phpdemo\upload\catalog\view\theme\fashion\template\product\product.tpl on line 460
2019-01-02 14:56:16 - PHP Notice:  Undefined variable: icon in C:\phpdemo\upload\catalog\view\theme\fashion\template\common\header.tpl on line 20
2019-01-02 14:56:16 - PHP Notice:  Undefined variable: site_key in C:\phpdemo\upload\catalog\view\theme\fashion\template\product\product.tpl on line 460
2019-01-02 14:56:19 - PHP Notice:  Undefined variable: icon in C:\phpdemo\upload\catalog\view\theme\fashion\template\common\header.tpl on line 20
2019-01-02 14:56:21 - PHP Notice:  Undefined variable: icon in C:\phpdemo\upload\catalog\view\theme\fashion\template\common\header.tpl on line 20
2019-01-02 14:56:21 - PHP Notice:  Undefined variable: site_key in C:\phpdemo\upload\catalog\view\theme\fashion\template\product\product.tpl on line 460
2019-01-02 14:56:24 - PHP Notice:  Undefined variable: icon in C:\phpdemo\upload\catalog\view\theme\fashion\template\common\header.tpl on line 20
2019-01-02 14:56:26 - PHP Notice:  Undefined variable: icon in C:\phpdemo\upload\catalog\view\theme\fashion\template\common\header.tpl on line 20
2019-01-02 14:56:26 - PHP Notice:  Undefined variable: site_key in C:\phpdemo\upload\catalog\view\theme\fashion\template\product\product.tpl on line 460
2019-01-02 14:56:30 - PHP Notice:  Undefined variable: icon in C:\phpdemo\upload\catalog\view\theme\fashion\template\common\header.tpl on line 20
2019-01-02 14:56:32 - PHP Notice:  Undefined variable: icon in C:\phpdemo\upload\catalog\view\theme\fashion\template\common\header.tpl on line 20
2019-01-02 14:56:32 - PHP Notice:  Undefined variable: site_key in C:\phpdemo\upload\catalog\view\theme\fashion\template\product\product.tpl on line 460
2019-01-02 14:57:35 - PHP Notice:  Undefined variable: icon in C:\phpdemo\upload\catalog\view\theme\fashion\template\common\header.tpl on line 20
2019-01-02 14:57:35 - PHP Notice:  Undefined variable: site_key in C:\phpdemo\upload\catalog\view\theme\fashion\template\product\product.tpl on line 460
2019-01-02 14:57:40 - PHP Notice:  Undefined variable: icon in C:\phpdemo\upload\catalog\view\theme\fashion\template\common\header.tpl on line 20
2019-01-02 14:57:42 - PHP Notice:  Undefined variable: icon in C:\phpdemo\upload\catalog\view\theme\fashion\template\common\header.tpl on line 20
2019-01-02 14:57:42 - PHP Notice:  Undefined variable: site_key in C:\phpdemo\upload\catalog\view\theme\fashion\template\product\product.tpl on line 460
2019-01-02 14:58:49 - PHP Notice:  Undefined variable: icon in C:\phpdemo\upload\catalog\view\theme\fashion\template\common\header.tpl on line 20
2019-01-02 14:58:49 - PHP Notice:  Undefined variable: site_key in C:\phpdemo\upload\catalog\view\theme\fashion\template\product\product.tpl on line 460
2019-01-02 14:58:52 - PHP Notice:  Undefined variable: icon in C:\phpdemo\upload\catalog\view\theme\fashion\template\common\header.tpl on line 20
2019-01-02 14:58:52 - PHP Notice:  Undefined variable: icon in C:\phpdemo\upload\catalog\view\theme\fashion\template\common\header.tpl on line 20
2019-01-02 14:58:54 - PHP Notice:  Undefined variable: icon in C:\phpdemo\upload\catalog\view\theme\fashion\template\common\header.tpl on line 20
2019-01-02 14:58:54 - PHP Notice:  Undefined variable: site_key in C:\phpdemo\upload\catalog\view\theme\fashion\template\product\product.tpl on line 460
2019-01-02 15:01:43 - PHP Notice:  Undefined variable: icon in C:\phpdemo\upload\catalog\view\theme\fashion\template\common\header.tpl on line 20
2019-01-02 15:05:24 - PHP Notice:  Undefined variable: icon in C:\phpdemo\upload\catalog\view\theme\fashion\template\common\header.tpl on line 20
2019-01-02 15:05:55 - PHP Notice:  Undefined variable: icon in C:\phpdemo\upload\catalog\view\theme\fashion\template\common\header.tpl on line 20
2019-01-02 15:06:24 - PHP Notice:  Undefined variable: icon in C:\phpdemo\upload\catalog\view\theme\fashion\template\common\header.tpl on line 20
2019-01-02 15:06:24 - PHP Notice:  Undefined variable: site_key in C:\phpdemo\upload\catalog\view\theme\fashion\template\product\product.tpl on line 467
2019-01-02 15:08:31 - PHP Notice:  Undefined variable: icon in C:\phpdemo\upload\catalog\view\theme\fashion\template\common\header.tpl on line 20
2019-01-02 15:08:31 - PHP Notice:  Undefined variable: site_key in C:\phpdemo\upload\catalog\view\theme\fashion\template\product\product.tpl on line 467
2019-01-02 15:09:21 - PHP Notice:  Undefined variable: icon in C:\phpdemo\upload\catalog\view\theme\fashion\template\common\header.tpl on line 20
2019-01-02 15:09:21 - PHP Notice:  Undefined variable: site_key in C:\phpdemo\upload\catalog\view\theme\fashion\template\product\product.tpl on line 474
2019-01-02 15:10:01 - PHP Notice:  Undefined variable: icon in C:\phpdemo\upload\catalog\view\theme\fashion\template\common\header.tpl on line 20
2019-01-02 15:10:01 - PHP Notice:  Undefined variable: site_key in C:\phpdemo\upload\catalog\view\theme\fashion\template\product\product.tpl on line 474
2019-01-02 15:10:21 - PHP Notice:  Undefined variable: icon in C:\phpdemo\upload\catalog\view\theme\fashion\template\common\header.tpl on line 20
2019-01-02 15:10:21 - PHP Notice:  Undefined variable: site_key in C:\phpdemo\upload\catalog\view\theme\fashion\template\product\product.tpl on line 474
2019-01-02 15:10:43 - PHP Notice:  Undefined variable: icon in C:\phpdemo\upload\catalog\view\theme\fashion\template\common\header.tpl on line 20
2019-01-02 15:10:43 - PHP Notice:  Undefined variable: site_key in C:\phpdemo\upload\catalog\view\theme\fashion\template\product\product.tpl on line 474
2019-01-02 15:11:19 - PHP Notice:  Undefined variable: icon in C:\phpdemo\upload\catalog\view\theme\fashion\template\common\header.tpl on line 20
2019-01-02 15:11:19 - PHP Notice:  Undefined variable: site_key in C:\phpdemo\upload\catalog\view\theme\fashion\template\product\product.tpl on line 472
2019-01-02 15:11:38 - PHP Notice:  Undefined variable: icon in C:\phpdemo\upload\catalog\view\theme\fashion\template\common\header.tpl on line 20
2019-01-02 15:11:38 - PHP Notice:  Undefined variable: site_key in C:\phpdemo\upload\catalog\view\theme\fashion\template\product\product.tpl on line 472
2019-01-02 15:12:43 - PHP Notice:  Undefined variable: icon in C:\phpdemo\upload\catalog\view\theme\fashion\template\common\header.tpl on line 20
2019-01-02 15:12:43 - PHP Notice:  Undefined variable: site_key in C:\phpdemo\upload\catalog\view\theme\fashion\template\product\product.tpl on line 471
2019-01-02 15:12:48 - PHP Notice:  Undefined variable: icon in C:\phpdemo\upload\catalog\view\theme\fashion\template\common\header.tpl on line 20
2019-01-02 15:12:50 - PHP Notice:  Undefined variable: icon in C:\phpdemo\upload\catalog\view\theme\fashion\template\common\header.tpl on line 20
2019-01-02 15:12:50 - PHP Notice:  Undefined variable: site_key in C:\phpdemo\upload\catalog\view\theme\fashion\template\product\product.tpl on line 471
2019-01-02 15:12:53 - PHP Notice:  Undefined variable: icon in C:\phpdemo\upload\catalog\view\theme\fashion\template\common\header.tpl on line 20
2019-01-02 15:12:55 - PHP Notice:  Undefined variable: icon in C:\phpdemo\upload\catalog\view\theme\fashion\template\common\header.tpl on line 20
2019-01-02 15:12:57 - PHP Notice:  Undefined variable: icon in C:\phpdemo\upload\catalog\view\theme\fashion\template\common\header.tpl on line 20
2019-01-02 15:12:57 - PHP Notice:  Undefined variable: site_key in C:\phpdemo\upload\catalog\view\theme\fashion\template\product\product.tpl on line 471
2019-01-02 15:13:00 - PHP Notice:  Undefined variable: icon in C:\phpdemo\upload\catalog\view\theme\fashion\template\common\header.tpl on line 20
2019-01-02 15:13:02 - PHP Notice:  Undefined variable: icon in C:\phpdemo\upload\catalog\view\theme\fashion\template\common\header.tpl on line 20
2019-01-02 15:13:02 - PHP Notice:  Undefined variable: site_key in C:\phpdemo\upload\catalog\view\theme\fashion\template\product\product.tpl on line 471
2019-01-02 15:19:53 - PHP Notice:  Undefined variable: icon in C:\phpdemo\upload\catalog\view\theme\fashion\template\common\header.tpl on line 20
2019-01-02 15:19:57 - PHP Notice:  Undefined variable: icon in C:\phpdemo\upload\catalog\view\theme\fashion\template\common\header.tpl on line 20
2019-01-02 15:20:01 - PHP Notice:  Undefined variable: icon in C:\phpdemo\upload\catalog\view\theme\fashion\template\common\header.tpl on line 20
2019-01-02 17:34:18 - PHP Notice:  Undefined variable: icon in C:\phpdemo\upload\catalog\view\theme\fashion\template\common\header.tpl on line 20
2019-01-02 17:34:22 - PHP Notice:  Undefined variable: icon in C:\phpdemo\upload\catalog\view\theme\fashion\template\common\header.tpl on line 20
2019-01-02 17:34:56 - PHP Notice:  Undefined variable: icon in C:\phpdemo\upload\catalog\view\theme\fashion\template\common\header.tpl on line 20
2019-01-02 17:35:41 - PHP Notice:  Undefined variable: icon in C:\phpdemo\upload\catalog\view\theme\fashion\template\common\header.tpl on line 20
2019-01-02 17:35:55 - PHP Notice:  Undefined variable: icon in C:\phpdemo\upload\catalog\view\theme\fashion\template\common\header.tpl on line 20
2019-01-02 17:36:01 - PHP Notice:  Undefined variable: icon in C:\phpdemo\upload\catalog\view\theme\fashion\template\common\header.tpl on line 20
2019-01-02 17:36:24 - PHP Notice:  Undefined variable: icon in C:\phpdemo\upload\catalog\view\theme\fashion\template\common\header.tpl on line 20
2019-01-02 17:37:26 - PHP Notice:  Undefined variable: icon in C:\phpdemo\upload\catalog\view\theme\fashion\template\common\header.tpl on line 20
2019-01-03 9:12:38 - PHP Notice:  Undefined variable: icon in C:\phpdemo\upload\catalog\view\theme\fashion\template\common\header.tpl on line 20
2019-01-03 9:12:38 - PHP Notice:  Undefined variable: google_analytics in C:\phpdemo\upload\catalog\view\theme\fashion\template\common\header.tpl on line 40
2019-01-03 14:18:54 - PHP Notice:  Undefined variable: pagination in C:\phpdemo\upload\catalog\view\theme\fashion\template\product\search.tpl on line 179
2019-01-03 14:18:54 - PHP Notice:  Undefined variable: results in C:\phpdemo\upload\catalog\view\theme\fashion\template\product\search.tpl on line 180
2019-01-03 14:19:56 - PHP Notice:  Undefined variable: pagination in C:\phpdemo\upload\catalog\view\theme\fashion\template\product\search.tpl on line 179
2019-01-03 14:19:56 - PHP Notice:  Undefined variable: results in C:\phpdemo\upload\catalog\view\theme\fashion\template\product\search.tpl on line 180
2019-01-03 14:52:05 - PHP Notice:  Undefined variable: sorts in C:\phpdemo\upload\catalog\view\theme\fashion\template\product\search.tpl on line 195
2019-01-03 14:52:05 - PHP Warning:  Invalid argument supplied for foreach() in C:\phpdemo\upload\catalog\view\theme\fashion\template\product\search.tpl on line 195
2019-01-03 14:52:05 - PHP Notice:  Undefined variable: limits in C:\phpdemo\upload\catalog\view\theme\fashion\template\product\search.tpl on line 209
2019-01-03 14:52:05 - PHP Warning:  Invalid argument supplied for foreach() in C:\phpdemo\upload\catalog\view\theme\fashion\template\product\search.tpl on line 209
2019-01-03 14:52:28 - PHP Notice:  Undefined variable: sorts in C:\phpdemo\upload\catalog\view\theme\fashion\template\product\search.tpl on line 195
2019-01-03 14:52:28 - PHP Warning:  Invalid argument supplied for foreach() in C:\phpdemo\upload\catalog\view\theme\fashion\template\product\search.tpl on line 195
2019-01-03 14:52:28 - PHP Notice:  Undefined variable: limits in C:\phpdemo\upload\catalog\view\theme\fashion\template\product\search.tpl on line 209
2019-01-03 14:52:28 - PHP Warning:  Invalid argument supplied for foreach() in C:\phpdemo\upload\catalog\view\theme\fashion\template\product\search.tpl on line 209
2019-01-03 14:52:55 - PHP Notice:  Undefined variable: sorts in C:\phpdemo\upload\catalog\view\theme\fashion\template\product\search.tpl on line 195
2019-01-03 14:52:55 - PHP Warning:  Invalid argument supplied for foreach() in C:\phpdemo\upload\catalog\view\theme\fashion\template\product\search.tpl on line 195
2019-01-03 14:52:55 - PHP Notice:  Undefined variable: limits in C:\phpdemo\upload\catalog\view\theme\fashion\template\product\search.tpl on line 209
2019-01-03 14:52:55 - PHP Warning:  Invalid argument supplied for foreach() in C:\phpdemo\upload\catalog\view\theme\fashion\template\product\search.tpl on line 209
2019-01-03 15:10:11 - PHP Notice:  Undefined variable: sorts in C:\phpdemo\upload\catalog\view\theme\fashion\template\product\search.tpl on line 195
2019-01-03 15:10:11 - PHP Warning:  Invalid argument supplied for foreach() in C:\phpdemo\upload\catalog\view\theme\fashion\template\product\search.tpl on line 195
2019-01-03 15:10:11 - PHP Notice:  Undefined variable: limits in C:\phpdemo\upload\catalog\view\theme\fashion\template\product\search.tpl on line 209
2019-01-03 15:10:11 - PHP Warning:  Invalid argument supplied for foreach() in C:\phpdemo\upload\catalog\view\theme\fashion\template\product\search.tpl on line 209
2019-01-03 15:11:33 - PHP Notice:  Undefined variable: sorts in C:\phpdemo\upload\catalog\view\theme\fashion\template\product\search.tpl on line 195
2019-01-03 15:11:33 - PHP Warning:  Invalid argument supplied for foreach() in C:\phpdemo\upload\catalog\view\theme\fashion\template\product\search.tpl on line 195
2019-01-03 15:11:33 - PHP Notice:  Undefined variable: limits in C:\phpdemo\upload\catalog\view\theme\fashion\template\product\search.tpl on line 209
2019-01-03 15:11:33 - PHP Warning:  Invalid argument supplied for foreach() in C:\phpdemo\upload\catalog\view\theme\fashion\template\product\search.tpl on line 209
